\BOOKMARK [0][-]{chapter.1}{Introducci\363n}{}% 1
\BOOKMARK [1][-]{section.1.1}{Visi\363n artificial}{chapter.1}% 2
\BOOKMARK [2][-]{subsection.1.1.1}{Aplicaciones}{section.1.1}% 3
\BOOKMARK [1][-]{section.1.2}{Drones \(UAV\)}{chapter.1}% 4
\BOOKMARK [2][-]{subsection.1.2.1}{Marco legal}{section.1.2}% 5
\BOOKMARK [1][-]{section.1.3}{Antecedentes}{chapter.1}% 6
\BOOKMARK [0][-]{chapter.2}{Objetivos}{}% 7
\BOOKMARK [1][-]{section.2.1}{Descripci\363n del problema}{chapter.2}% 8
\BOOKMARK [1][-]{section.2.2}{Requisitos}{chapter.2}% 9
\BOOKMARK [1][-]{section.2.3}{Metodolog\355a}{chapter.2}% 10
\BOOKMARK [1][-]{section.2.4}{Plan de trabajo}{chapter.2}% 11
\BOOKMARK [0][-]{chapter.3}{Infraestructura}{}% 12
\BOOKMARK [1][-]{section.3.1}{Sistema operativo virtualizado}{chapter.3}% 13
\BOOKMARK [1][-]{section.3.2}{Gazebo}{chapter.3}% 14
\BOOKMARK [2][-]{subsection.3.2.1}{ARDrone}{section.3.2}% 15
\BOOKMARK [1][-]{section.3.3}{JdeRobot}{chapter.3}% 16
\BOOKMARK [1][-]{section.3.4}{Bibliotecas}{chapter.3}% 17
\BOOKMARK [2][-]{subsection.3.4.1}{Biblioteca de comunicaciones: ICE}{section.3.4}% 18
\BOOKMARK [2][-]{subsection.3.4.2}{OpenCV}{section.3.4}% 19
\BOOKMARK [2][-]{subsection.3.4.3}{NumPy}{section.3.4}% 20
\BOOKMARK [0][-]{chapter.4}{Desarrollo}{}% 21
\BOOKMARK [1][-]{section.4.1}{Dise\361o}{chapter.4}% 22
\BOOKMARK [1][-]{section.4.2}{Percepci\363n visual}{chapter.4}% 23
\BOOKMARK [2][-]{subsection.4.2.1}{Detecci\363n}{section.4.2}% 24
\BOOKMARK [2][-]{subsection.4.2.2}{Seguimiento visual}{section.4.2}% 25
\BOOKMARK [2][-]{subsection.4.2.3}{Percepci\363n de objetos por colores llamativos}{section.4.2}% 26
\BOOKMARK [1][-]{section.4.3}{Algoritmos de control}{chapter.4}% 27
\BOOKMARK [0][-]{chapter.5}{Experimentos}{}% 28
\BOOKMARK [1][-]{section.5.1}{Ejecuci\363n t\355pica}{chapter.5}% 29
\BOOKMARK [1][-]{section.5.2}{Seguimiento visual de objetos dentro de una imagen}{chapter.5}% 30
\BOOKMARK [1][-]{section.5.3}{Detecci\363n manual del objeto}{chapter.5}% 31
\BOOKMARK [1][-]{section.5.4}{Seguimiento desde el drone de objetos de colores}{chapter.5}% 32
\BOOKMARK [0][-]{chapter.6}{Conclusiones y trabajos futuros}{}% 33
\BOOKMARK [1][-]{section.6.1}{Conclusiones}{chapter.6}% 34
\BOOKMARK [1][-]{section.6.2}{Trabajos futuros}{chapter.6}% 35
